[ 2016-06-17T14:39:24+08:00 ] /config/ | NOTIC: [8] Undefined index: account_id CommonAction.class.php 第 20 行.
[ 2016-06-17T14:39:25+08:00 ] /config/ | SQL: SHOW COLUMNS FROM `y_account` [ RunTime:0.005000s ]
[ 2016-06-17T14:39:25+08:00 ] /config/ | SQL: SHOW COLUMNS FROM `y_category` [ RunTime:0.006000s ]
[ 2016-06-17T14:39:25+08:00 ] /config/index.php/Index/main | NOTIC: [8] Undefined index: account_id CommonAction.class.php 第 20 行.
[ 2016-06-17T14:39:26+08:00 ] /config/index.php/Index/main | SQL: SHOW COLUMNS FROM `y_account` [ RunTime:0.005000s ]
[ 2016-06-17T14:39:26+08:00 ] /config/index.php/Index/main | SQL: SHOW COLUMNS FROM `y_category` [ RunTime:0.006001s ]
[ 2016-06-17T14:39:26+08:00 ] /config/index.php/Index/main | SQL: SELECT * FROM `y_account` ORDER BY id desc [ RunTime:0.000000s ]
[ 2016-06-17T14:39:26+08:00 ] /config/index.php/Index/main | NOTIC: [8] Undefined index: searchkey IndexAction.class.php 第 28 行.
[ 2016-06-17T14:39:26+08:00 ] /config/index.php/Index/main | NOTIC: [8] Undefined variable: vo ae4ccf388766686c7b43ce2ff8116269.php 第 14 行.
[ 2016-06-17T14:39:26+08:00 ] /config/index.php/Index/main | NOTIC: [8] Undefined index: website_name ae4ccf388766686c7b43ce2ff8116269.php 第 19 行.
[ 2016-06-17T14:39:26+08:00 ] /config/index.php/Index/main | NOTIC: [8] Undefined index: url ae4ccf388766686c7b43ce2ff8116269.php 第 22 行.
[ 2016-06-17T14:39:26+08:00 ] /config/index.php/Index/main | NOTIC: [8] Undefined index: contract_number ae4ccf388766686c7b43ce2ff8116269.php 第 29 行.
[ 2016-06-17T14:39:26+08:00 ] /config/index.php/Index/main | NOTIC: [8] Undefined index: yy_price ae4ccf388766686c7b43ce2ff8116269.php 第 31 行.
[ 2016-06-17T14:39:26+08:00 ] /config/index.php/Index/main | NOTIC: [8] Undefined index: service_price ae4ccf388766686c7b43ce2ff8116269.php 第 32 行.
[ 2016-06-17T14:39:26+08:00 ] /config/index.php/Index/main | NOTIC: [8] Undefined index: begin_time ae4ccf388766686c7b43ce2ff8116269.php 第 35 行.
[ 2016-06-17T14:39:26+08:00 ] /config/index.php/Index/main | NOTIC: [8] Undefined index: begin_time ae4ccf388766686c7b43ce2ff8116269.php 第 39 行.
[ 2016-06-17T14:39:27+08:00 ] /config/index.php/Index/left | NOTIC: [8] Undefined index: account_id CommonAction.class.php 第 20 行.
[ 2016-06-17T14:39:28+08:00 ] /config/index.php/Index/left | SQL: SHOW COLUMNS FROM `y_account` [ RunTime:0.005000s ]
[ 2016-06-17T14:39:28+08:00 ] /config/index.php/Index/left | SQL: SHOW COLUMNS FROM `y_category` [ RunTime:0.006001s ]
[ 2016-06-17T14:39:28+08:00 ] /config/index.php/Index/left | NOTIC: [8] Undefined index: account_id 196c657f8b82048b1beeb0f9599f5fdc.php 第 15 行.
[ 2016-06-17T14:39:28+08:00 ] /config/index.php/Index/left | NOTIC: [8] Undefined variable: isConnect 196c657f8b82048b1beeb0f9599f5fdc.php 第 72 行.
[ 2016-06-17T14:39:28+08:00 ] /config/index.php/Index/left | NOTIC: [8] Undefined variable: langList 196c657f8b82048b1beeb0f9599f5fdc.php 第 125 行.
[ 2016-06-17T14:39:28+08:00 ] /config/index.php/Index/left | NOTIC: [8] Undefined variable: langList 196c657f8b82048b1beeb0f9599f5fdc.php 第 137 行.
[ 2016-06-17T14:39:28+08:00 ] /config/index.php/Index/left | NOTIC: [8] Undefined variable: moduleList 196c657f8b82048b1beeb0f9599f5fdc.php 第 166 行.
[ 2016-06-17T14:39:28+08:00 ] /config/index.php/Index/left | NOTIC: [8] Undefined variable: moduleList2 196c657f8b82048b1beeb0f9599f5fdc.php 第 188 行.
[ 2016-06-17T14:39:28+08:00 ] /config/index.php/Index/left | NOTIC: [8] Undefined index: tab_id 196c657f8b82048b1beeb0f9599f5fdc.php 第 255 行.
[ 2016-06-17T14:39:28+08:00 ] /config/index.php/Account/edit/id/ | NOTIC: [8] Undefined index: id AccountAction.class.php 第 6 行.
[ 2016-06-17T14:39:28+08:00 ] /config/index.php/Account/edit/id/ | NOTIC: [8] Undefined index: account_id CommonAction.class.php 第 20 行.
[ 2016-06-17T14:39:29+08:00 ] /config/index.php/Account/edit/id/ | SQL: SHOW COLUMNS FROM `y_account` [ RunTime:0.005000s ]
[ 2016-06-17T14:39:29+08:00 ] /config/index.php/Account/edit/id/ | SQL: SHOW COLUMNS FROM `y_category` [ RunTime:0.006000s ]
[ 2016-06-17T14:39:30+08:00 ] /config/index.php/Account/edit/id/ | SQL: SELECT `alias` FROM `y_category` WHERE ( `pid` = 3 ) AND ( `is_default` = 1 ) LIMIT 1  [ RunTime:0.001000s ]
[ 2016-06-17T14:39:30+08:00 ] /config/index.php/Account/edit/id/ | SQL: SELECT * FROM `y_category` WHERE ( `pid` = 12 ) ORDER BY ordernum desc [ RunTime:0.001000s ]
[ 2016-06-17T14:39:30+08:00 ] /config/index.php/Account/edit/id/ | SQL: SELECT * FROM `y_category` WHERE ( `pid` = 12 ) AND ( `is_publish` = 1 ) ORDER BY ordernum desc [ RunTime:0.001000s ]
[ 2016-06-17T14:39:30+08:00 ] /config/index.php/Account/edit/id/ | SQL: SELECT * FROM `y_category` WHERE ( `pid` IN ('3','4') ) ORDER BY ordernum desc [ RunTime:0.001000s ]
[ 2016-06-17T14:39:30+08:00 ] /config/index.php/Account/edit/id/ | NOTIC: [8] Undefined index: account_id 196c657f8b82048b1beeb0f9599f5fdc.php 第 15 行.
[ 2016-06-17T14:39:30+08:00 ] /config/index.php/Account/edit/id/ | NOTIC: [8] Undefined index: tab_id 196c657f8b82048b1beeb0f9599f5fdc.php 第 255 行.
[ 2016-06-17T14:40:55+08:00 ] /config/index.php/Category/edit/id/36/aid/ | NOTIC: [8] Undefined index: account_id CommonAction.class.php 第 20 行.
[ 2016-06-17T14:40:56+08:00 ] /config/index.php/Category/edit/id/36/aid/ | SQL: SHOW COLUMNS FROM `y_account` [ RunTime:0.005001s ]
[ 2016-06-17T14:40:56+08:00 ] /config/index.php/Category/edit/id/36/aid/ | SQL: SHOW COLUMNS FROM `y_category` [ RunTime:0.006000s ]
[ 2016-06-17T14:40:56+08:00 ] /config/index.php/Category/edit/id/36/aid/ | NOTIC: [8] Undefined index: aid CategoryAction.class.php 第 15 行.
[ 2016-06-17T14:40:56+08:00 ] /config/index.php/Category/edit/id/36/aid/ | NOTIC: [8] Undefined index: act CategoryAction.class.php 第 16 行.
[ 2016-06-17T14:40:57+08:00 ] /config/index.php/Category/edit/id/36/aid/ | SQL: SELECT * FROM `y_category` WHERE ( `id` = '36' ) LIMIT 1  [ RunTime:0.000000s ]
[ 2016-06-17T14:40:57+08:00 ] /config/index.php/Category/edit/id/36/aid/ | SQL: SELECT * FROM `y_category` WHERE ( `pid` = '12' ) ORDER BY ordernum desc [ RunTime:0.001000s ]
[ 2016-06-17T14:40:57+08:00 ] /config/index.php/Category/edit/id/36/aid/ | SQL: SELECT * FROM `y_category` WHERE ( `pid` = 3 ) AND ( `is_publish` = 1 ) ORDER BY is_default desc,ordernum desc [ RunTime:0.001000s ]
[ 2016-06-17T14:40:57+08:00 ] /config/index.php/Category/edit/id/36/aid/ | NOTIC: [8] Undefined variable: obj 5c3c2ff56e16b6b6ee1bdeb1ff3f266a.php 第 14 行.
[ 2016-06-17T14:40:57+08:00 ] /config/index.php/Category/edit/id/36/aid/ | NOTIC: [8] Undefined variable: obj 5c3c2ff56e16b6b6ee1bdeb1ff3f266a.php 第 15 行.
[ 2016-06-17T14:40:57+08:00 ] /config/index.php/Category/edit/id/36/aid/ | NOTIC: [8] Undefined variable: obj 5c3c2ff56e16b6b6ee1bdeb1ff3f266a.php 第 41 行.
[ 2016-06-17T14:40:57+08:00 ] /config/index.php/Category/edit/id/36/aid/ | NOTIC: [8] Undefined variable: obj 5c3c2ff56e16b6b6ee1bdeb1ff3f266a.php 第 45 行.
[ 2016-06-17T14:40:57+08:00 ] /config/index.php/Category/edit/id/36/aid/ | NOTIC: [8] Undefined variable: obj 5c3c2ff56e16b6b6ee1bdeb1ff3f266a.php 第 63 行.
[ 2016-06-17T14:40:57+08:00 ] /config/index.php/Category/edit/id/36/aid/ | NOTIC: [8] Undefined variable: obj 5c3c2ff56e16b6b6ee1bdeb1ff3f266a.php 第 67 行.
[ 2016-06-17T14:40:57+08:00 ] /config/index.php/Category/edit/id/36/aid/ | NOTIC: [8] Undefined variable: obj 5c3c2ff56e16b6b6ee1bdeb1ff3f266a.php 第 71 行.
[ 2016-06-17T14:40:57+08:00 ] /config/index.php/Category/edit/id/36/aid/ | NOTIC: [8] Undefined variable: obj 5c3c2ff56e16b6b6ee1bdeb1ff3f266a.php 第 75 行.
[ 2016-06-17T14:40:57+08:00 ] /config/index.php/Category/edit/id/36/aid/ | NOTIC: [8] Undefined variable: obj 5c3c2ff56e16b6b6ee1bdeb1ff3f266a.php 第 79 行.
[ 2016-06-17T14:40:57+08:00 ] /config/index.php/Category/edit/id/36/aid/ | NOTIC: [8] Undefined variable: obj 5c3c2ff56e16b6b6ee1bdeb1ff3f266a.php 第 100 行.
[ 2016-06-17T14:40:57+08:00 ] /config/index.php/Category/edit/id/36/aid/ | NOTIC: [8] Undefined variable: obj 5c3c2ff56e16b6b6ee1bdeb1ff3f266a.php 第 101 行.
[ 2016-06-17T14:40:57+08:00 ] /config/index.php/Category/edit/id/36/aid/ | NOTIC: [8] Undefined variable: obj 5c3c2ff56e16b6b6ee1bdeb1ff3f266a.php 第 130 行.
[ 2016-06-17T14:40:57+08:00 ] /config/index.php/Category/edit/id/36/aid/ | NOTIC: [8] Undefined variable: obj 5c3c2ff56e16b6b6ee1bdeb1ff3f266a.php 第 131 行.
[ 2016-06-17T14:40:57+08:00 ] /config/index.php/Category/edit/id/36/aid/ | NOTIC: [8] Undefined variable: obj 5c3c2ff56e16b6b6ee1bdeb1ff3f266a.php 第 132 行.
[ 2016-06-17T14:40:57+08:00 ] /config/index.php/Category/edit/id/36/aid/ | NOTIC: [8] Undefined variable: obj 5c3c2ff56e16b6b6ee1bdeb1ff3f266a.php 第 133 行.
[ 2016-06-17T14:40:57+08:00 ] /config/index.php/Category/edit/id/36/aid/ | NOTIC: [8] Undefined index: aid 5c3c2ff56e16b6b6ee1bdeb1ff3f266a.php 第 179 行.
[ 2016-06-17T14:40:57+08:00 ] /config/index.php/Category/edit/id/36/aid/ | NOTIC: [8] Undefined variable: obj 5c3c2ff56e16b6b6ee1bdeb1ff3f266a.php 第 212 行.
[ 2016-06-17T14:40:57+08:00 ] /config/index.php/Category/edit/id/1172/aid/ | NOTIC: [8] Undefined index: account_id CommonAction.class.php 第 20 行.
[ 2016-06-17T14:40:58+08:00 ] /config/index.php/Category/edit/id/1172/aid/ | SQL: SHOW COLUMNS FROM `y_account` [ RunTime:0.005000s ]
[ 2016-06-17T14:40:58+08:00 ] /config/index.php/Category/edit/id/1172/aid/ | SQL: SHOW COLUMNS FROM `y_category` [ RunTime:0.006000s ]
[ 2016-06-17T14:40:58+08:00 ] /config/index.php/Category/edit/id/1172/aid/ | NOTIC: [8] Undefined index: aid CategoryAction.class.php 第 15 行.
[ 2016-06-17T14:40:58+08:00 ] /config/index.php/Category/edit/id/1172/aid/ | NOTIC: [8] Undefined index: act CategoryAction.class.php 第 16 行.
[ 2016-06-17T14:40:59+08:00 ] /config/index.php/Category/edit/id/1172/aid/ | SQL: SELECT * FROM `y_category` WHERE ( `id` = '1172' ) LIMIT 1  [ RunTime:0.001000s ]
[ 2016-06-17T14:40:59+08:00 ] /config/index.php/Category/edit/id/1172/aid/ | SQL: SELECT * FROM `y_category` WHERE ( `pid` = '36' ) ORDER BY ordernum desc [ RunTime:0.001000s ]
[ 2016-06-17T14:40:59+08:00 ] /config/index.php/Category/edit/id/1172/aid/ | SQL: SELECT * FROM `y_category` WHERE ( `pid` = 3 ) AND ( `is_publish` = 1 ) ORDER BY is_default desc,ordernum desc [ RunTime:0.001001s ]
[ 2016-06-17T14:40:59+08:00 ] /config/index.php/Category/edit/id/1172/aid/ | NOTIC: [8] Undefined variable: obj 5c3c2ff56e16b6b6ee1bdeb1ff3f266a.php 第 14 行.
[ 2016-06-17T14:40:59+08:00 ] /config/index.php/Category/edit/id/1172/aid/ | NOTIC: [8] Undefined variable: obj 5c3c2ff56e16b6b6ee1bdeb1ff3f266a.php 第 15 行.
[ 2016-06-17T14:40:59+08:00 ] /config/index.php/Category/edit/id/1172/aid/ | NOTIC: [8] Undefined variable: obj 5c3c2ff56e16b6b6ee1bdeb1ff3f266a.php 第 41 行.
[ 2016-06-17T14:40:59+08:00 ] /config/index.php/Category/edit/id/1172/aid/ | NOTIC: [8] Undefined variable: obj 5c3c2ff56e16b6b6ee1bdeb1ff3f266a.php 第 45 行.
[ 2016-06-17T14:40:59+08:00 ] /config/index.php/Category/edit/id/1172/aid/ | NOTIC: [8] Undefined variable: obj 5c3c2ff56e16b6b6ee1bdeb1ff3f266a.php 第 63 行.
[ 2016-06-17T14:40:59+08:00 ] /config/index.php/Category/edit/id/1172/aid/ | NOTIC: [8] Undefined variable: obj 5c3c2ff56e16b6b6ee1bdeb1ff3f266a.php 第 67 行.
[ 2016-06-17T14:40:59+08:00 ] /config/index.php/Category/edit/id/1172/aid/ | NOTIC: [8] Undefined variable: obj 5c3c2ff56e16b6b6ee1bdeb1ff3f266a.php 第 71 行.
[ 2016-06-17T14:40:59+08:00 ] /config/index.php/Category/edit/id/1172/aid/ | NOTIC: [8] Undefined variable: obj 5c3c2ff56e16b6b6ee1bdeb1ff3f266a.php 第 75 行.
[ 2016-06-17T14:40:59+08:00 ] /config/index.php/Category/edit/id/1172/aid/ | NOTIC: [8] Undefined variable: obj 5c3c2ff56e16b6b6ee1bdeb1ff3f266a.php 第 79 行.
[ 2016-06-17T14:40:59+08:00 ] /config/index.php/Category/edit/id/1172/aid/ | NOTIC: [8] Undefined variable: obj 5c3c2ff56e16b6b6ee1bdeb1ff3f266a.php 第 100 行.
[ 2016-06-17T14:40:59+08:00 ] /config/index.php/Category/edit/id/1172/aid/ | NOTIC: [8] Undefined variable: obj 5c3c2ff56e16b6b6ee1bdeb1ff3f266a.php 第 101 行.
[ 2016-06-17T14:40:59+08:00 ] /config/index.php/Category/edit/id/1172/aid/ | NOTIC: [8] Undefined variable: obj 5c3c2ff56e16b6b6ee1bdeb1ff3f266a.php 第 130 行.
[ 2016-06-17T14:40:59+08:00 ] /config/index.php/Category/edit/id/1172/aid/ | NOTIC: [8] Undefined variable: obj 5c3c2ff56e16b6b6ee1bdeb1ff3f266a.php 第 131 行.
[ 2016-06-17T14:40:59+08:00 ] /config/index.php/Category/edit/id/1172/aid/ | NOTIC: [8] Undefined variable: obj 5c3c2ff56e16b6b6ee1bdeb1ff3f266a.php 第 132 行.
[ 2016-06-17T14:40:59+08:00 ] /config/index.php/Category/edit/id/1172/aid/ | NOTIC: [8] Undefined variable: obj 5c3c2ff56e16b6b6ee1bdeb1ff3f266a.php 第 133 行.
[ 2016-06-17T14:40:59+08:00 ] /config/index.php/Category/edit/id/1172/aid/ | NOTIC: [8] Undefined index: aid 5c3c2ff56e16b6b6ee1bdeb1ff3f266a.php 第 179 行.
[ 2016-06-17T14:40:59+08:00 ] /config/index.php/Category/edit/id/1172/aid/ | NOTIC: [8] Undefined variable: obj 5c3c2ff56e16b6b6ee1bdeb1ff3f266a.php 第 212 行.
[ 2016-06-17T14:41:03+08:00 ] /config/index.php/Category/edit/id/36/aid/ | NOTIC: [8] Undefined index: account_id CommonAction.class.php 第 20 行.
[ 2016-06-17T14:41:04+08:00 ] /config/index.php/Category/edit/id/36/aid/ | SQL: SHOW COLUMNS FROM `y_account` [ RunTime:0.005000s ]
[ 2016-06-17T14:41:04+08:00 ] /config/index.php/Category/edit/id/36/aid/ | SQL: SHOW COLUMNS FROM `y_category` [ RunTime:0.006000s ]
[ 2016-06-17T14:41:04+08:00 ] /config/index.php/Category/edit/id/36/aid/ | NOTIC: [8] Undefined index: aid CategoryAction.class.php 第 15 行.
[ 2016-06-17T14:41:04+08:00 ] /config/index.php/Category/edit/id/36/aid/ | NOTIC: [8] Undefined index: act CategoryAction.class.php 第 16 行.
[ 2016-06-17T14:41:05+08:00 ] /config/index.php/Category/edit/id/36/aid/ | SQL: SELECT * FROM `y_category` WHERE ( `id` = '36' ) LIMIT 1  [ RunTime:0.001000s ]
[ 2016-06-17T14:41:05+08:00 ] /config/index.php/Category/edit/id/36/aid/ | SQL: SELECT * FROM `y_category` WHERE ( `pid` = '12' ) ORDER BY ordernum desc [ RunTime:0.001000s ]
[ 2016-06-17T14:41:05+08:00 ] /config/index.php/Category/edit/id/36/aid/ | SQL: SELECT * FROM `y_category` WHERE ( `pid` = 3 ) AND ( `is_publish` = 1 ) ORDER BY is_default desc,ordernum desc [ RunTime:0.000000s ]
[ 2016-06-17T14:41:05+08:00 ] /config/index.php/Category/edit/id/36/aid/ | NOTIC: [8] Undefined variable: obj 5c3c2ff56e16b6b6ee1bdeb1ff3f266a.php 第 14 行.
[ 2016-06-17T14:41:05+08:00 ] /config/index.php/Category/edit/id/36/aid/ | NOTIC: [8] Undefined variable: obj 5c3c2ff56e16b6b6ee1bdeb1ff3f266a.php 第 15 行.
[ 2016-06-17T14:41:05+08:00 ] /config/index.php/Category/edit/id/36/aid/ | NOTIC: [8] Undefined variable: obj 5c3c2ff56e16b6b6ee1bdeb1ff3f266a.php 第 41 行.
[ 2016-06-17T14:41:05+08:00 ] /config/index.php/Category/edit/id/36/aid/ | NOTIC: [8] Undefined variable: obj 5c3c2ff56e16b6b6ee1bdeb1ff3f266a.php 第 45 行.
[ 2016-06-17T14:41:05+08:00 ] /config/index.php/Category/edit/id/36/aid/ | NOTIC: [8] Undefined variable: obj 5c3c2ff56e16b6b6ee1bdeb1ff3f266a.php 第 63 行.
[ 2016-06-17T14:41:05+08:00 ] /config/index.php/Category/edit/id/36/aid/ | NOTIC: [8] Undefined variable: obj 5c3c2ff56e16b6b6ee1bdeb1ff3f266a.php 第 67 行.
[ 2016-06-17T14:41:05+08:00 ] /config/index.php/Category/edit/id/36/aid/ | NOTIC: [8] Undefined variable: obj 5c3c2ff56e16b6b6ee1bdeb1ff3f266a.php 第 71 行.
[ 2016-06-17T14:41:05+08:00 ] /config/index.php/Category/edit/id/36/aid/ | NOTIC: [8] Undefined variable: obj 5c3c2ff56e16b6b6ee1bdeb1ff3f266a.php 第 75 行.
[ 2016-06-17T14:41:05+08:00 ] /config/index.php/Category/edit/id/36/aid/ | NOTIC: [8] Undefined variable: obj 5c3c2ff56e16b6b6ee1bdeb1ff3f266a.php 第 79 行.
[ 2016-06-17T14:41:05+08:00 ] /config/index.php/Category/edit/id/36/aid/ | NOTIC: [8] Undefined variable: obj 5c3c2ff56e16b6b6ee1bdeb1ff3f266a.php 第 100 行.
[ 2016-06-17T14:41:05+08:00 ] /config/index.php/Category/edit/id/36/aid/ | NOTIC: [8] Undefined variable: obj 5c3c2ff56e16b6b6ee1bdeb1ff3f266a.php 第 101 行.
[ 2016-06-17T14:41:05+08:00 ] /config/index.php/Category/edit/id/36/aid/ | NOTIC: [8] Undefined variable: obj 5c3c2ff56e16b6b6ee1bdeb1ff3f266a.php 第 130 行.
[ 2016-06-17T14:41:05+08:00 ] /config/index.php/Category/edit/id/36/aid/ | NOTIC: [8] Undefined variable: obj 5c3c2ff56e16b6b6ee1bdeb1ff3f266a.php 第 131 行.
[ 2016-06-17T14:41:05+08:00 ] /config/index.php/Category/edit/id/36/aid/ | NOTIC: [8] Undefined variable: obj 5c3c2ff56e16b6b6ee1bdeb1ff3f266a.php 第 132 行.
[ 2016-06-17T14:41:05+08:00 ] /config/index.php/Category/edit/id/36/aid/ | NOTIC: [8] Undefined variable: obj 5c3c2ff56e16b6b6ee1bdeb1ff3f266a.php 第 133 行.
[ 2016-06-17T14:41:05+08:00 ] /config/index.php/Category/edit/id/36/aid/ | NOTIC: [8] Undefined index: aid 5c3c2ff56e16b6b6ee1bdeb1ff3f266a.php 第 179 行.
[ 2016-06-17T14:41:05+08:00 ] /config/index.php/Category/edit/id/36/aid/ | NOTIC: [8] Undefined variable: obj 5c3c2ff56e16b6b6ee1bdeb1ff3f266a.php 第 212 行.
[ 2016-06-17T14:41:12+08:00 ] /config/index.php/Category/edit/id/1171/aid/ | NOTIC: [8] Undefined index: account_id CommonAction.class.php 第 20 行.
[ 2016-06-17T14:41:13+08:00 ] /config/index.php/Category/edit/id/1171/aid/ | SQL: SHOW COLUMNS FROM `y_account` [ RunTime:0.005000s ]
[ 2016-06-17T14:41:13+08:00 ] /config/index.php/Category/edit/id/1171/aid/ | SQL: SHOW COLUMNS FROM `y_category` [ RunTime:0.006001s ]
[ 2016-06-17T14:41:13+08:00 ] /config/index.php/Category/edit/id/1171/aid/ | NOTIC: [8] Undefined index: aid CategoryAction.class.php 第 15 行.
[ 2016-06-17T14:41:13+08:00 ] /config/index.php/Category/edit/id/1171/aid/ | NOTIC: [8] Undefined index: act CategoryAction.class.php 第 16 行.
[ 2016-06-17T14:41:14+08:00 ] /config/index.php/Category/edit/id/1171/aid/ | SQL: SELECT * FROM `y_category` WHERE ( `id` = '1171' ) LIMIT 1  [ RunTime:0.001000s ]
[ 2016-06-17T14:41:14+08:00 ] /config/index.php/Category/edit/id/1171/aid/ | SQL: SELECT * FROM `y_category` WHERE ( `pid` = '36' ) ORDER BY ordernum desc [ RunTime:0.001000s ]
[ 2016-06-17T14:41:14+08:00 ] /config/index.php/Category/edit/id/1171/aid/ | SQL: SELECT * FROM `y_category` WHERE ( `pid` = 3 ) AND ( `is_publish` = 1 ) ORDER BY is_default desc,ordernum desc [ RunTime:0.001000s ]
[ 2016-06-17T14:41:14+08:00 ] /config/index.php/Category/edit/id/1171/aid/ | NOTIC: [8] Undefined variable: obj 5c3c2ff56e16b6b6ee1bdeb1ff3f266a.php 第 14 行.
[ 2016-06-17T14:41:14+08:00 ] /config/index.php/Category/edit/id/1171/aid/ | NOTIC: [8] Undefined variable: obj 5c3c2ff56e16b6b6ee1bdeb1ff3f266a.php 第 15 行.
[ 2016-06-17T14:41:14+08:00 ] /config/index.php/Category/edit/id/1171/aid/ | NOTIC: [8] Undefined variable: obj 5c3c2ff56e16b6b6ee1bdeb1ff3f266a.php 第 41 行.
[ 2016-06-17T14:41:14+08:00 ] /config/index.php/Category/edit/id/1171/aid/ | NOTIC: [8] Undefined variable: obj 5c3c2ff56e16b6b6ee1bdeb1ff3f266a.php 第 45 行.
[ 2016-06-17T14:41:14+08:00 ] /config/index.php/Category/edit/id/1171/aid/ | NOTIC: [8] Undefined variable: obj 5c3c2ff56e16b6b6ee1bdeb1ff3f266a.php 第 63 行.
[ 2016-06-17T14:41:14+08:00 ] /config/index.php/Category/edit/id/1171/aid/ | NOTIC: [8] Undefined variable: obj 5c3c2ff56e16b6b6ee1bdeb1ff3f266a.php 第 67 行.
[ 2016-06-17T14:41:14+08:00 ] /config/index.php/Category/edit/id/1171/aid/ | NOTIC: [8] Undefined variable: obj 5c3c2ff56e16b6b6ee1bdeb1ff3f266a.php 第 71 行.
[ 2016-06-17T14:41:14+08:00 ] /config/index.php/Category/edit/id/1171/aid/ | NOTIC: [8] Undefined variable: obj 5c3c2ff56e16b6b6ee1bdeb1ff3f266a.php 第 75 行.
[ 2016-06-17T14:41:14+08:00 ] /config/index.php/Category/edit/id/1171/aid/ | NOTIC: [8] Undefined variable: obj 5c3c2ff56e16b6b6ee1bdeb1ff3f266a.php 第 79 行.
[ 2016-06-17T14:41:14+08:00 ] /config/index.php/Category/edit/id/1171/aid/ | NOTIC: [8] Undefined variable: obj 5c3c2ff56e16b6b6ee1bdeb1ff3f266a.php 第 100 行.
[ 2016-06-17T14:41:14+08:00 ] /config/index.php/Category/edit/id/1171/aid/ | NOTIC: [8] Undefined variable: obj 5c3c2ff56e16b6b6ee1bdeb1ff3f266a.php 第 101 行.
[ 2016-06-17T14:41:14+08:00 ] /config/index.php/Category/edit/id/1171/aid/ | NOTIC: [8] Undefined variable: obj 5c3c2ff56e16b6b6ee1bdeb1ff3f266a.php 第 130 行.
[ 2016-06-17T14:41:14+08:00 ] /config/index.php/Category/edit/id/1171/aid/ | NOTIC: [8] Undefined variable: obj 5c3c2ff56e16b6b6ee1bdeb1ff3f266a.php 第 131 行.
[ 2016-06-17T14:41:14+08:00 ] /config/index.php/Category/edit/id/1171/aid/ | NOTIC: [8] Undefined variable: obj 5c3c2ff56e16b6b6ee1bdeb1ff3f266a.php 第 132 行.
[ 2016-06-17T14:41:14+08:00 ] /config/index.php/Category/edit/id/1171/aid/ | NOTIC: [8] Undefined variable: obj 5c3c2ff56e16b6b6ee1bdeb1ff3f266a.php 第 133 行.
[ 2016-06-17T14:41:14+08:00 ] /config/index.php/Category/edit/id/1171/aid/ | NOTIC: [8] Undefined index: aid 5c3c2ff56e16b6b6ee1bdeb1ff3f266a.php 第 179 行.
[ 2016-06-17T14:41:14+08:00 ] /config/index.php/Category/edit/id/1171/aid/ | NOTIC: [8] Undefined variable: obj 5c3c2ff56e16b6b6ee1bdeb1ff3f266a.php 第 212 行.
[ 2016-06-17T14:41:14+08:00 ] /config/index.php/Category/edit/id/1170/aid/ | NOTIC: [8] Undefined index: account_id CommonAction.class.php 第 20 行.
[ 2016-06-17T14:41:15+08:00 ] /config/index.php/Category/edit/id/1170/aid/ | SQL: SHOW COLUMNS FROM `y_account` [ RunTime:0.005000s ]
[ 2016-06-17T14:41:15+08:00 ] /config/index.php/Category/edit/id/1170/aid/ | SQL: SHOW COLUMNS FROM `y_category` [ RunTime:0.005001s ]
[ 2016-06-17T14:41:15+08:00 ] /config/index.php/Category/edit/id/1170/aid/ | NOTIC: [8] Undefined index: aid CategoryAction.class.php 第 15 行.
[ 2016-06-17T14:41:15+08:00 ] /config/index.php/Category/edit/id/1170/aid/ | NOTIC: [8] Undefined index: act CategoryAction.class.php 第 16 行.
[ 2016-06-17T14:41:16+08:00 ] /config/index.php/Category/edit/id/1170/aid/ | SQL: SELECT * FROM `y_category` WHERE ( `id` = '1170' ) LIMIT 1  [ RunTime:0.001000s ]
[ 2016-06-17T14:41:16+08:00 ] /config/index.php/Category/edit/id/1170/aid/ | SQL: SELECT * FROM `y_category` WHERE ( `pid` = '36' ) ORDER BY ordernum desc [ RunTime:0.001000s ]
[ 2016-06-17T14:41:16+08:00 ] /config/index.php/Category/edit/id/1170/aid/ | SQL: SELECT * FROM `y_category` WHERE ( `pid` = 3 ) AND ( `is_publish` = 1 ) ORDER BY is_default desc,ordernum desc [ RunTime:0.001000s ]
[ 2016-06-17T14:41:16+08:00 ] /config/index.php/Category/edit/id/1170/aid/ | NOTIC: [8] Undefined variable: obj 5c3c2ff56e16b6b6ee1bdeb1ff3f266a.php 第 14 行.
[ 2016-06-17T14:41:16+08:00 ] /config/index.php/Category/edit/id/1170/aid/ | NOTIC: [8] Undefined variable: obj 5c3c2ff56e16b6b6ee1bdeb1ff3f266a.php 第 15 行.
[ 2016-06-17T14:41:16+08:00 ] /config/index.php/Category/edit/id/1170/aid/ | NOTIC: [8] Undefined variable: obj 5c3c2ff56e16b6b6ee1bdeb1ff3f266a.php 第 41 行.
[ 2016-06-17T14:41:16+08:00 ] /config/index.php/Category/edit/id/1170/aid/ | NOTIC: [8] Undefined variable: obj 5c3c2ff56e16b6b6ee1bdeb1ff3f266a.php 第 45 行.
[ 2016-06-17T14:41:16+08:00 ] /config/index.php/Category/edit/id/1170/aid/ | NOTIC: [8] Undefined variable: obj 5c3c2ff56e16b6b6ee1bdeb1ff3f266a.php 第 63 行.
[ 2016-06-17T14:41:16+08:00 ] /config/index.php/Category/edit/id/1170/aid/ | NOTIC: [8] Undefined variable: obj 5c3c2ff56e16b6b6ee1bdeb1ff3f266a.php 第 67 行.
[ 2016-06-17T14:41:16+08:00 ] /config/index.php/Category/edit/id/1170/aid/ | NOTIC: [8] Undefined variable: obj 5c3c2ff56e16b6b6ee1bdeb1ff3f266a.php 第 71 行.
[ 2016-06-17T14:41:16+08:00 ] /config/index.php/Category/edit/id/1170/aid/ | NOTIC: [8] Undefined variable: obj 5c3c2ff56e16b6b6ee1bdeb1ff3f266a.php 第 75 行.
[ 2016-06-17T14:41:16+08:00 ] /config/index.php/Category/edit/id/1170/aid/ | NOTIC: [8] Undefined variable: obj 5c3c2ff56e16b6b6ee1bdeb1ff3f266a.php 第 79 行.
[ 2016-06-17T14:41:16+08:00 ] /config/index.php/Category/edit/id/1170/aid/ | NOTIC: [8] Undefined variable: obj 5c3c2ff56e16b6b6ee1bdeb1ff3f266a.php 第 100 行.
[ 2016-06-17T14:41:16+08:00 ] /config/index.php/Category/edit/id/1170/aid/ | NOTIC: [8] Undefined variable: obj 5c3c2ff56e16b6b6ee1bdeb1ff3f266a.php 第 101 行.
[ 2016-06-17T14:41:16+08:00 ] /config/index.php/Category/edit/id/1170/aid/ | NOTIC: [8] Undefined variable: obj 5c3c2ff56e16b6b6ee1bdeb1ff3f266a.php 第 130 行.
[ 2016-06-17T14:41:16+08:00 ] /config/index.php/Category/edit/id/1170/aid/ | NOTIC: [8] Undefined variable: obj 5c3c2ff56e16b6b6ee1bdeb1ff3f266a.php 第 131 行.
[ 2016-06-17T14:41:16+08:00 ] /config/index.php/Category/edit/id/1170/aid/ | NOTIC: [8] Undefined variable: obj 5c3c2ff56e16b6b6ee1bdeb1ff3f266a.php 第 132 行.
[ 2016-06-17T14:41:16+08:00 ] /config/index.php/Category/edit/id/1170/aid/ | NOTIC: [8] Undefined variable: obj 5c3c2ff56e16b6b6ee1bdeb1ff3f266a.php 第 133 行.
[ 2016-06-17T14:41:16+08:00 ] /config/index.php/Category/edit/id/1170/aid/ | NOTIC: [8] Undefined index: aid 5c3c2ff56e16b6b6ee1bdeb1ff3f266a.php 第 179 行.
[ 2016-06-17T14:41:16+08:00 ] /config/index.php/Category/edit/id/1170/aid/ | NOTIC: [8] Undefined variable: obj 5c3c2ff56e16b6b6ee1bdeb1ff3f266a.php 第 212 行.
[ 2016-06-17T14:41:30+08:00 ] /config/index.php/Category/edit/id/1528/aid/ | NOTIC: [8] Undefined index: account_id CommonAction.class.php 第 20 行.
[ 2016-06-17T14:41:31+08:00 ] /config/index.php/Category/edit/id/1528/aid/ | SQL: SHOW COLUMNS FROM `y_account` [ RunTime:0.004000s ]
[ 2016-06-17T14:41:31+08:00 ] /config/index.php/Category/edit/id/1528/aid/ | SQL: SHOW COLUMNS FROM `y_category` [ RunTime:0.005000s ]
[ 2016-06-17T14:41:31+08:00 ] /config/index.php/Category/edit/id/1528/aid/ | NOTIC: [8] Undefined index: aid CategoryAction.class.php 第 15 行.
[ 2016-06-17T14:41:31+08:00 ] /config/index.php/Category/edit/id/1528/aid/ | NOTIC: [8] Undefined index: act CategoryAction.class.php 第 16 行.
[ 2016-06-17T14:41:32+08:00 ] /config/index.php/Category/edit/id/1528/aid/ | SQL: SELECT * FROM `y_category` WHERE ( `id` = '1528' ) LIMIT 1  [ RunTime:0.001000s ]
[ 2016-06-17T14:41:32+08:00 ] /config/index.php/Category/edit/id/1528/aid/ | SQL: SELECT * FROM `y_category` WHERE ( `pid` = '36' ) ORDER BY ordernum desc [ RunTime:0.001000s ]
[ 2016-06-17T14:41:32+08:00 ] /config/index.php/Category/edit/id/1528/aid/ | SQL: SELECT * FROM `y_category` WHERE ( `pid` = 3 ) AND ( `is_publish` = 1 ) ORDER BY is_default desc,ordernum desc [ RunTime:0.001000s ]
[ 2016-06-17T14:41:32+08:00 ] /config/index.php/Category/edit/id/1528/aid/ | NOTIC: [8] Undefined variable: obj 5c3c2ff56e16b6b6ee1bdeb1ff3f266a.php 第 14 行.
[ 2016-06-17T14:41:32+08:00 ] /config/index.php/Category/edit/id/1528/aid/ | NOTIC: [8] Undefined variable: obj 5c3c2ff56e16b6b6ee1bdeb1ff3f266a.php 第 15 行.
[ 2016-06-17T14:41:32+08:00 ] /config/index.php/Category/edit/id/1528/aid/ | NOTIC: [8] Undefined variable: obj 5c3c2ff56e16b6b6ee1bdeb1ff3f266a.php 第 41 行.
[ 2016-06-17T14:41:32+08:00 ] /config/index.php/Category/edit/id/1528/aid/ | NOTIC: [8] Undefined variable: obj 5c3c2ff56e16b6b6ee1bdeb1ff3f266a.php 第 45 行.
[ 2016-06-17T14:41:32+08:00 ] /config/index.php/Category/edit/id/1528/aid/ | NOTIC: [8] Undefined variable: obj 5c3c2ff56e16b6b6ee1bdeb1ff3f266a.php 第 63 行.
[ 2016-06-17T14:41:32+08:00 ] /config/index.php/Category/edit/id/1528/aid/ | NOTIC: [8] Undefined variable: obj 5c3c2ff56e16b6b6ee1bdeb1ff3f266a.php 第 67 行.
[ 2016-06-17T14:41:32+08:00 ] /config/index.php/Category/edit/id/1528/aid/ | NOTIC: [8] Undefined variable: obj 5c3c2ff56e16b6b6ee1bdeb1ff3f266a.php 第 71 行.
[ 2016-06-17T14:41:32+08:00 ] /config/index.php/Category/edit/id/1528/aid/ | NOTIC: [8] Undefined variable: obj 5c3c2ff56e16b6b6ee1bdeb1ff3f266a.php 第 75 行.
[ 2016-06-17T14:41:32+08:00 ] /config/index.php/Category/edit/id/1528/aid/ | NOTIC: [8] Undefined variable: obj 5c3c2ff56e16b6b6ee1bdeb1ff3f266a.php 第 79 行.
[ 2016-06-17T14:41:32+08:00 ] /config/index.php/Category/edit/id/1528/aid/ | NOTIC: [8] Undefined variable: obj 5c3c2ff56e16b6b6ee1bdeb1ff3f266a.php 第 100 行.
[ 2016-06-17T14:41:32+08:00 ] /config/index.php/Category/edit/id/1528/aid/ | NOTIC: [8] Undefined variable: obj 5c3c2ff56e16b6b6ee1bdeb1ff3f266a.php 第 101 行.
[ 2016-06-17T14:41:32+08:00 ] /config/index.php/Category/edit/id/1528/aid/ | NOTIC: [8] Undefined variable: obj 5c3c2ff56e16b6b6ee1bdeb1ff3f266a.php 第 130 行.
[ 2016-06-17T14:41:32+08:00 ] /config/index.php/Category/edit/id/1528/aid/ | NOTIC: [8] Undefined variable: obj 5c3c2ff56e16b6b6ee1bdeb1ff3f266a.php 第 131 行.
[ 2016-06-17T14:41:32+08:00 ] /config/index.php/Category/edit/id/1528/aid/ | NOTIC: [8] Undefined variable: obj 5c3c2ff56e16b6b6ee1bdeb1ff3f266a.php 第 132 行.
[ 2016-06-17T14:41:32+08:00 ] /config/index.php/Category/edit/id/1528/aid/ | NOTIC: [8] Undefined variable: obj 5c3c2ff56e16b6b6ee1bdeb1ff3f266a.php 第 133 行.
[ 2016-06-17T14:41:32+08:00 ] /config/index.php/Category/edit/id/1528/aid/ | NOTIC: [8] Undefined index: aid 5c3c2ff56e16b6b6ee1bdeb1ff3f266a.php 第 179 行.
[ 2016-06-17T14:41:32+08:00 ] /config/index.php/Category/edit/id/1528/aid/ | NOTIC: [8] Undefined variable: obj 5c3c2ff56e16b6b6ee1bdeb1ff3f266a.php 第 212 行.
[ 2016-06-17T14:41:40+08:00 ] /config/index.php/Category/edit/id/1172/aid/ | NOTIC: [8] Undefined index: account_id CommonAction.class.php 第 20 行.
[ 2016-06-17T14:41:41+08:00 ] /config/index.php/Category/edit/id/1172/aid/ | SQL: SHOW COLUMNS FROM `y_account` [ RunTime:0.005000s ]
[ 2016-06-17T14:41:41+08:00 ] /config/index.php/Category/edit/id/1172/aid/ | SQL: SHOW COLUMNS FROM `y_category` [ RunTime:0.006001s ]
[ 2016-06-17T14:41:41+08:00 ] /config/index.php/Category/edit/id/1172/aid/ | NOTIC: [8] Undefined index: aid CategoryAction.class.php 第 15 行.
[ 2016-06-17T14:41:41+08:00 ] /config/index.php/Category/edit/id/1172/aid/ | NOTIC: [8] Undefined index: act CategoryAction.class.php 第 16 行.
[ 2016-06-17T14:41:42+08:00 ] /config/index.php/Category/edit/id/1172/aid/ | SQL: SELECT * FROM `y_category` WHERE ( `id` = '1172' ) LIMIT 1  [ RunTime:0.001000s ]
[ 2016-06-17T14:41:42+08:00 ] /config/index.php/Category/edit/id/1172/aid/ | SQL: SELECT * FROM `y_category` WHERE ( `pid` = null ) ORDER BY ordernum desc [ RunTime:0.001000s ]
[ 2016-06-17T14:41:42+08:00 ] /config/index.php/Category/edit/id/1172/aid/ | SQL: SELECT * FROM `y_category` WHERE ( `pid` = 3 ) AND ( `is_publish` = 1 ) ORDER BY is_default desc,ordernum desc [ RunTime:0.001000s ]
[ 2016-06-17T14:41:42+08:00 ] /config/index.php/Category/edit/id/1172/aid/ | NOTIC: [8] Undefined variable: obj 5c3c2ff56e16b6b6ee1bdeb1ff3f266a.php 第 14 行.
[ 2016-06-17T14:41:42+08:00 ] /config/index.php/Category/edit/id/1172/aid/ | NOTIC: [8] Undefined variable: obj 5c3c2ff56e16b6b6ee1bdeb1ff3f266a.php 第 15 行.
[ 2016-06-17T14:41:42+08:00 ] /config/index.php/Category/edit/id/1172/aid/ | NOTIC: [8] Undefined variable: obj 5c3c2ff56e16b6b6ee1bdeb1ff3f266a.php 第 41 行.
[ 2016-06-17T14:41:42+08:00 ] /config/index.php/Category/edit/id/1172/aid/ | NOTIC: [8] Undefined variable: obj 5c3c2ff56e16b6b6ee1bdeb1ff3f266a.php 第 45 行.
[ 2016-06-17T14:41:42+08:00 ] /config/index.php/Category/edit/id/1172/aid/ | NOTIC: [8] Undefined variable: obj 5c3c2ff56e16b6b6ee1bdeb1ff3f266a.php 第 63 行.
[ 2016-06-17T14:41:42+08:00 ] /config/index.php/Category/edit/id/1172/aid/ | NOTIC: [8] Undefined variable: obj 5c3c2ff56e16b6b6ee1bdeb1ff3f266a.php 第 67 行.
[ 2016-06-17T14:41:42+08:00 ] /config/index.php/Category/edit/id/1172/aid/ | NOTIC: [8] Undefined variable: obj 5c3c2ff56e16b6b6ee1bdeb1ff3f266a.php 第 71 行.
[ 2016-06-17T14:41:42+08:00 ] /config/index.php/Category/edit/id/1172/aid/ | NOTIC: [8] Undefined variable: obj 5c3c2ff56e16b6b6ee1bdeb1ff3f266a.php 第 75 行.
[ 2016-06-17T14:41:42+08:00 ] /config/index.php/Category/edit/id/1172/aid/ | NOTIC: [8] Undefined variable: obj 5c3c2ff56e16b6b6ee1bdeb1ff3f266a.php 第 79 行.
[ 2016-06-17T14:41:42+08:00 ] /config/index.php/Category/edit/id/1172/aid/ | NOTIC: [8] Undefined variable: obj 5c3c2ff56e16b6b6ee1bdeb1ff3f266a.php 第 100 行.
[ 2016-06-17T14:41:42+08:00 ] /config/index.php/Category/edit/id/1172/aid/ | NOTIC: [8] Undefined variable: obj 5c3c2ff56e16b6b6ee1bdeb1ff3f266a.php 第 101 行.
[ 2016-06-17T14:41:42+08:00 ] /config/index.php/Category/edit/id/1172/aid/ | NOTIC: [8] Undefined variable: obj 5c3c2ff56e16b6b6ee1bdeb1ff3f266a.php 第 130 行.
[ 2016-06-17T14:41:42+08:00 ] /config/index.php/Category/edit/id/1172/aid/ | NOTIC: [8] Undefined variable: obj 5c3c2ff56e16b6b6ee1bdeb1ff3f266a.php 第 131 行.
[ 2016-06-17T14:41:42+08:00 ] /config/index.php/Category/edit/id/1172/aid/ | NOTIC: [8] Undefined variable: obj 5c3c2ff56e16b6b6ee1bdeb1ff3f266a.php 第 132 行.
[ 2016-06-17T14:41:42+08:00 ] /config/index.php/Category/edit/id/1172/aid/ | NOTIC: [8] Undefined variable: obj 5c3c2ff56e16b6b6ee1bdeb1ff3f266a.php 第 133 行.
[ 2016-06-17T14:41:42+08:00 ] /config/index.php/Category/edit/id/1172/aid/ | NOTIC: [8] Undefined index: aid 5c3c2ff56e16b6b6ee1bdeb1ff3f266a.php 第 179 行.
[ 2016-06-17T14:41:42+08:00 ] /config/index.php/Category/edit/id/1172/aid/ | NOTIC: [8] Undefined variable: obj 5c3c2ff56e16b6b6ee1bdeb1ff3f266a.php 第 212 行.
[ 2016-06-17T14:41:54+08:00 ] /config/index.php/Category/edit/id/1528/aid/ | NOTIC: [8] Undefined index: account_id CommonAction.class.php 第 20 行.
[ 2016-06-17T14:41:55+08:00 ] /config/index.php/Category/edit/id/1528/aid/ | SQL: SHOW COLUMNS FROM `y_account` [ RunTime:0.005000s ]
[ 2016-06-17T14:41:55+08:00 ] /config/index.php/Category/edit/id/1528/aid/ | SQL: SHOW COLUMNS FROM `y_category` [ RunTime:0.006001s ]
[ 2016-06-17T14:41:55+08:00 ] /config/index.php/Category/edit/id/1528/aid/ | NOTIC: [8] Undefined index: aid CategoryAction.class.php 第 15 行.
[ 2016-06-17T14:41:55+08:00 ] /config/index.php/Category/edit/id/1528/aid/ | NOTIC: [8] Undefined index: act CategoryAction.class.php 第 16 行.
[ 2016-06-17T14:41:56+08:00 ] /config/index.php/Category/edit/id/1528/aid/ | SQL: SELECT * FROM `y_category` WHERE ( `id` = '1528' ) LIMIT 1  [ RunTime:0.001001s ]
[ 2016-06-17T14:41:56+08:00 ] /config/index.php/Category/edit/id/1528/aid/ | SQL: SELECT * FROM `y_category` WHERE ( `pid` = '36' ) ORDER BY ordernum desc [ RunTime:0.002000s ]
[ 2016-06-17T14:41:56+08:00 ] /config/index.php/Category/edit/id/1528/aid/ | SQL: SELECT * FROM `y_category` WHERE ( `pid` = 3 ) AND ( `is_publish` = 1 ) ORDER BY is_default desc,ordernum desc [ RunTime:0.000000s ]
[ 2016-06-17T14:41:56+08:00 ] /config/index.php/Category/edit/id/1528/aid/ | NOTIC: [8] Undefined variable: obj 5c3c2ff56e16b6b6ee1bdeb1ff3f266a.php 第 14 行.
[ 2016-06-17T14:41:56+08:00 ] /config/index.php/Category/edit/id/1528/aid/ | NOTIC: [8] Undefined variable: obj 5c3c2ff56e16b6b6ee1bdeb1ff3f266a.php 第 15 行.
[ 2016-06-17T14:41:56+08:00 ] /config/index.php/Category/edit/id/1528/aid/ | NOTIC: [8] Undefined variable: obj 5c3c2ff56e16b6b6ee1bdeb1ff3f266a.php 第 41 行.
[ 2016-06-17T14:41:56+08:00 ] /config/index.php/Category/edit/id/1528/aid/ | NOTIC: [8] Undefined variable: obj 5c3c2ff56e16b6b6ee1bdeb1ff3f266a.php 第 45 行.
[ 2016-06-17T14:41:56+08:00 ] /config/index.php/Category/edit/id/1528/aid/ | NOTIC: [8] Undefined variable: obj 5c3c2ff56e16b6b6ee1bdeb1ff3f266a.php 第 63 行.
[ 2016-06-17T14:41:56+08:00 ] /config/index.php/Category/edit/id/1528/aid/ | NOTIC: [8] Undefined variable: obj 5c3c2ff56e16b6b6ee1bdeb1ff3f266a.php 第 67 行.
[ 2016-06-17T14:41:56+08:00 ] /config/index.php/Category/edit/id/1528/aid/ | NOTIC: [8] Undefined variable: obj 5c3c2ff56e16b6b6ee1bdeb1ff3f266a.php 第 71 行.
[ 2016-06-17T14:41:56+08:00 ] /config/index.php/Category/edit/id/1528/aid/ | NOTIC: [8] Undefined variable: obj 5c3c2ff56e16b6b6ee1bdeb1ff3f266a.php 第 75 行.
[ 2016-06-17T14:41:56+08:00 ] /config/index.php/Category/edit/id/1528/aid/ | NOTIC: [8] Undefined variable: obj 5c3c2ff56e16b6b6ee1bdeb1ff3f266a.php 第 79 行.
[ 2016-06-17T14:41:56+08:00 ] /config/index.php/Category/edit/id/1528/aid/ | NOTIC: [8] Undefined variable: obj 5c3c2ff56e16b6b6ee1bdeb1ff3f266a.php 第 100 行.
[ 2016-06-17T14:41:56+08:00 ] /config/index.php/Category/edit/id/1528/aid/ | NOTIC: [8] Undefined variable: obj 5c3c2ff56e16b6b6ee1bdeb1ff3f266a.php 第 101 行.
[ 2016-06-17T14:41:56+08:00 ] /config/index.php/Category/edit/id/1528/aid/ | NOTIC: [8] Undefined variable: obj 5c3c2ff56e16b6b6ee1bdeb1ff3f266a.php 第 130 行.
[ 2016-06-17T14:41:56+08:00 ] /config/index.php/Category/edit/id/1528/aid/ | NOTIC: [8] Undefined variable: obj 5c3c2ff56e16b6b6ee1bdeb1ff3f266a.php 第 131 行.
[ 2016-06-17T14:41:56+08:00 ] /config/index.php/Category/edit/id/1528/aid/ | NOTIC: [8] Undefined variable: obj 5c3c2ff56e16b6b6ee1bdeb1ff3f266a.php 第 132 行.
[ 2016-06-17T14:41:56+08:00 ] /config/index.php/Category/edit/id/1528/aid/ | NOTIC: [8] Undefined variable: obj 5c3c2ff56e16b6b6ee1bdeb1ff3f266a.php 第 133 行.
[ 2016-06-17T14:41:56+08:00 ] /config/index.php/Category/edit/id/1528/aid/ | NOTIC: [8] Undefined index: aid 5c3c2ff56e16b6b6ee1bdeb1ff3f266a.php 第 179 行.
[ 2016-06-17T14:41:56+08:00 ] /config/index.php/Category/edit/id/1528/aid/ | NOTIC: [8] Undefined variable: obj 5c3c2ff56e16b6b6ee1bdeb1ff3f266a.php 第 212 行.
